<?xml version="1.0" encoding="UTF-8"?>
<testsuite xmlns:xsi="http://www.w3.org/2001/XMLSchema-instance" xsi:noNamespaceSchemaLocation="https://maven.apache.org/surefire/maven-surefire-plugin/xsd/surefire-test-report-3.0.xsd" version="3.0" name="api.ApiTest" time="0.388" tests="3" errors="0" skipped="0" failures="0">
  <properties>
    <property name="java.specification.version" value="19"/>
    <property name="sun.jnu.encoding" value="UTF-8"/>
    <property name="java.class.path" value="/home/fjb/Projects/intellij/enigma/target/test-classes:/home/fjb/Projects/intellij/enigma/target/classes:/home/fjb/.m2/repository/org/mariadb/jdbc/mariadb-java-client/3.1.3/mariadb-java-client-3.1.3.jar:/home/fjb/.m2/repository/com/github/waffle/waffle-jna/3.2.0/waffle-jna-3.2.0.jar:/home/fjb/.m2/repository/net/java/dev/jna/jna/5.12.1/jna-5.12.1.jar:/home/fjb/.m2/repository/net/java/dev/jna/jna-platform/5.12.1/jna-platform-5.12.1.jar:/home/fjb/.m2/repository/org/slf4j/jcl-over-slf4j/1.7.36/jcl-over-slf4j-1.7.36.jar:/home/fjb/.m2/repository/org/slf4j/slf4j-api/1.7.36/slf4j-api-1.7.36.jar:/home/fjb/.m2/repository/com/github/ben-manes/caffeine/caffeine/2.9.3/caffeine-2.9.3.jar:/home/fjb/.m2/repository/com/google/errorprone/error_prone_annotations/2.10.0/error_prone_annotations-2.10.0.jar:/home/fjb/.m2/repository/org/checkerframework/checker-qual/3.23.0/checker-qual-3.23.0.jar:/home/fjb/.m2/repository/jakarta/ws/rs/jakarta.ws.rs-api/3.1.0/jakarta.ws.rs-api-3.1.0.jar:/home/fjb/.m2/repository/com/google/code/gson/gson/2.10.1/gson-2.10.1.jar:/home/fjb/.m2/repository/org/junit/jupiter/junit-jupiter-api/5.9.2/junit-jupiter-api-5.9.2.jar:/home/fjb/.m2/repository/org/opentest4j/opentest4j/1.2.0/opentest4j-1.2.0.jar:/home/fjb/.m2/repository/org/junit/platform/junit-platform-commons/1.9.2/junit-platform-commons-1.9.2.jar:/home/fjb/.m2/repository/org/apiguardian/apiguardian-api/1.1.2/apiguardian-api-1.1.2.jar:/home/fjb/.m2/repository/org/apache/tomcat/tomcat-dbcp/11.0.0-M4/tomcat-dbcp-11.0.0-M4.jar:/home/fjb/.m2/repository/org/apache/tomcat/tomcat-juli/11.0.0-M4/tomcat-juli-11.0.0-M4.jar:/home/fjb/.m2/repository/com/github/h-thurow/TomcatJNDI/1.0.0/TomcatJNDI-1.0.0.jar:/home/fjb/.m2/repository/org/apache/tomcat/embed/tomcat-embed-core/7.0.79/tomcat-embed-core-7.0.79.jar:/home/fjb/.m2/repository/org/apache/tomcat/embed/tomcat-embed-logging-juli/7.0.79/tomcat-embed-logging-juli-7.0.79.jar:/home/fjb/.m2/repository/org/glassfish/jersey/core/jersey-common/3.1.1/jersey-common-3.1.1.jar:/home/fjb/.m2/repository/jakarta/annotation/jakarta.annotation-api/2.1.1/jakarta.annotation-api-2.1.1.jar:/home/fjb/.m2/repository/jakarta/inject/jakarta.inject-api/2.0.1/jakarta.inject-api-2.0.1.jar:/home/fjb/.m2/repository/org/glassfish/hk2/osgi-resource-locator/1.0.3/osgi-resource-locator-1.0.3.jar:"/>
    <property name="java.vm.vendor" value="Oracle Corporation"/>
    <property name="sun.arch.data.model" value="64"/>
    <property name="java.vendor.url" value="https://java.oracle.com/"/>
    <property name="os.name" value="Linux"/>
    <property name="java.vm.specification.version" value="19"/>
    <property name="sun.java.launcher" value="SUN_STANDARD"/>
    <property name="user.country" value="US"/>
    <property name="sun.boot.library.path" value="/usr/lib64/jdk19-19.0.2/lib"/>
    <property name="sun.java.command" value="/home/fjb/Projects/intellij/enigma/target/surefire/surefirebooter-20230329222812953_3.jar /home/fjb/Projects/intellij/enigma/target/surefire 2023-03-29T22-28-12_360-jvmRun1 surefire-20230329222812953_1tmp surefire_0-20230329222812953_2tmp"/>
    <property name="jdk.debug" value="release"/>
    <property name="surefire.test.class.path" value="/home/fjb/Projects/intellij/enigma/target/test-classes:/home/fjb/Projects/intellij/enigma/target/classes:/home/fjb/.m2/repository/org/mariadb/jdbc/mariadb-java-client/3.1.3/mariadb-java-client-3.1.3.jar:/home/fjb/.m2/repository/com/github/waffle/waffle-jna/3.2.0/waffle-jna-3.2.0.jar:/home/fjb/.m2/repository/net/java/dev/jna/jna/5.12.1/jna-5.12.1.jar:/home/fjb/.m2/repository/net/java/dev/jna/jna-platform/5.12.1/jna-platform-5.12.1.jar:/home/fjb/.m2/repository/org/slf4j/jcl-over-slf4j/1.7.36/jcl-over-slf4j-1.7.36.jar:/home/fjb/.m2/repository/org/slf4j/slf4j-api/1.7.36/slf4j-api-1.7.36.jar:/home/fjb/.m2/repository/com/github/ben-manes/caffeine/caffeine/2.9.3/caffeine-2.9.3.jar:/home/fjb/.m2/repository/com/google/errorprone/error_prone_annotations/2.10.0/error_prone_annotations-2.10.0.jar:/home/fjb/.m2/repository/org/checkerframework/checker-qual/3.23.0/checker-qual-3.23.0.jar:/home/fjb/.m2/repository/jakarta/ws/rs/jakarta.ws.rs-api/3.1.0/jakarta.ws.rs-api-3.1.0.jar:/home/fjb/.m2/repository/com/google/code/gson/gson/2.10.1/gson-2.10.1.jar:/home/fjb/.m2/repository/org/junit/jupiter/junit-jupiter-api/5.9.2/junit-jupiter-api-5.9.2.jar:/home/fjb/.m2/repository/org/opentest4j/opentest4j/1.2.0/opentest4j-1.2.0.jar:/home/fjb/.m2/repository/org/junit/platform/junit-platform-commons/1.9.2/junit-platform-commons-1.9.2.jar:/home/fjb/.m2/repository/org/apiguardian/apiguardian-api/1.1.2/apiguardian-api-1.1.2.jar:/home/fjb/.m2/repository/org/apache/tomcat/tomcat-dbcp/11.0.0-M4/tomcat-dbcp-11.0.0-M4.jar:/home/fjb/.m2/repository/org/apache/tomcat/tomcat-juli/11.0.0-M4/tomcat-juli-11.0.0-M4.jar:/home/fjb/.m2/repository/com/github/h-thurow/TomcatJNDI/1.0.0/TomcatJNDI-1.0.0.jar:/home/fjb/.m2/repository/org/apache/tomcat/embed/tomcat-embed-core/7.0.79/tomcat-embed-core-7.0.79.jar:/home/fjb/.m2/repository/org/apache/tomcat/embed/tomcat-embed-logging-juli/7.0.79/tomcat-embed-logging-juli-7.0.79.jar:/home/fjb/.m2/repository/org/glassfish/jersey/core/jersey-common/3.1.1/jersey-common-3.1.1.jar:/home/fjb/.m2/repository/jakarta/annotation/jakarta.annotation-api/2.1.1/jakarta.annotation-api-2.1.1.jar:/home/fjb/.m2/repository/jakarta/inject/jakarta.inject-api/2.0.1/jakarta.inject-api-2.0.1.jar:/home/fjb/.m2/repository/org/glassfish/hk2/osgi-resource-locator/1.0.3/osgi-resource-locator-1.0.3.jar:"/>
    <property name="sun.cpu.endian" value="little"/>
    <property name="user.home" value="/home/fjb"/>
    <property name="user.language" value="en"/>
    <property name="java.specification.vendor" value="Oracle Corporation"/>
    <property name="java.version.date" value="2023-01-17"/>
    <property name="java.home" value="/usr/lib64/jdk19-19.0.2"/>
    <property name="file.separator" value="/"/>
    <property name="basedir" value="/home/fjb/Projects/intellij/enigma"/>
    <property name="java.vm.compressedOopsMode" value="Zero based"/>
    <property name="line.separator" value="&#10;"/>
    <property name="java.specification.name" value="Java Platform API Specification"/>
    <property name="java.vm.specification.vendor" value="Oracle Corporation"/>
    <property name="surefire.real.class.path" value="/home/fjb/Projects/intellij/enigma/target/surefire/surefirebooter-20230329222812953_3.jar"/>
    <property name="sun.management.compiler" value="HotSpot 64-Bit Tiered Compilers"/>
    <property name="java.runtime.version" value="19.0.2+7-44"/>
    <property name="user.name" value="fjb"/>
    <property name="stdout.encoding" value="UTF-8"/>
    <property name="path.separator" value=":"/>
    <property name="os.version" value="5.15.94"/>
    <property name="java.runtime.name" value="Java(TM) SE Runtime Environment"/>
    <property name="file.encoding" value="UTF-8"/>
    <property name="java.vm.name" value="Java HotSpot(TM) 64-Bit Server VM"/>
    <property name="localRepository" value="/home/fjb/.m2/repository"/>
    <property name="java.vendor.url.bug" value="https://bugreport.java.com/bugreport/"/>
    <property name="java.io.tmpdir" value="/tmp"/>
    <property name="java.version" value="19.0.2"/>
    <property name="user.dir" value="/home/fjb/Projects/intellij/enigma"/>
    <property name="os.arch" value="amd64"/>
    <property name="java.vm.specification.name" value="Java Virtual Machine Specification"/>
    <property name="native.encoding" value="UTF-8"/>
    <property name="java.library.path" value="/usr/java/packages/lib:/usr/lib64:/lib64:/lib:/usr/lib"/>
    <property name="java.vm.info" value="mixed mode, sharing"/>
    <property name="stderr.encoding" value="UTF-8"/>
    <property name="java.vendor" value="Oracle Corporation"/>
    <property name="java.vm.version" value="19.0.2+7-44"/>
    <property name="sun.io.unicode.encoding" value="UnicodeLittle"/>
    <property name="java.class.version" value="63.0"/>
  </properties>
  <testcase name="getInvalidMessageId" classname="api.ApiTest" time="0.281">
    <system-err><![CDATA[SLF4J: Failed to load class "org.slf4j.impl.StaticLoggerBinder".
SLF4J: Defaulting to no-operation (NOP) logger implementation
SLF4J: See http://www.slf4j.org/codes.html#StaticLoggerBinder for further details.
]]></system-err>
  </testcase>
  <testcase name="getValidMessageId" classname="api.ApiTest" time="0.05"/>
  <testcase name="decryptionOfMessage" classname="api.ApiTest" time="0.025"/>
</testsuite>